#-----------------------------------------------------------
# Vivado v2022.1 (64-bit)
# SW Build 3526262 on Mon Apr 18 15:47:01 MDT 2022
# IP Build 3524634 on Mon Apr 18 20:55:01 MDT 2022
# Start of session at: Mon Nov 25 07:07:55 2024
# Process ID: 9007
# Current directory: /home/ubuntu/Documents/GitHub/Edge-MoE
# Command line: vivado -mode batch -source vivado.tcl
# Log file: /home/ubuntu/Documents/GitHub/Edge-MoE/vivado.log
# Journal file: /home/ubuntu/Documents/GitHub/Edge-MoE/vivado.jou
# Running On: ubuntu2004, OS: Linux, CPU Frequency: 2495.998 MHz, CPU Physical cores: 8, Host memory: 10423 MB
#-----------------------------------------------------------
source vivado.tcl
# create_project Edge-MoE vivado_project -part xczu9eg-ffvb1156-2-e
# set_property board_part xilinx.com:zcu102:part0:3.4 [current_project]
# set_property  ip_repo_paths  vitis_hls_project/solution1/impl [current_project]
# update_ip_catalog
INFO: [IP_Flow 19-234] Refreshing IP repositories
INFO: [IP_Flow 19-1700] Loaded user IP repository '/home/ubuntu/Documents/GitHub/Edge-MoE/vitis_hls_project/solution1/impl'.
INFO: [IP_Flow 19-2313] Loaded Vivado IP repository '/tools/Xilinx/Vivado/2022.1/data/ip'.
# create_bd_design "design_1"
Wrote  : </home/ubuntu/Documents/GitHub/Edge-MoE/vivado_project/Edge-MoE.srcs/sources_1/bd/design_1/design_1.bd> 
# update_compile_order -fileset sources_1
CRITICAL WARNING: [filemgmt 20-730] Could not find a top module in the fileset sources_1.
Resolution: With the gui up, review the source files in the Sources window. Use Add Sources to add any needed sources. If the files are disabled, enable them. You can also select the file and choose Set Used In from the pop-up menu. Review if they are being used at the proper points of the flow.
# startgroup
# create_bd_cell -type ip -vlnv xilinx.com:hls:ViT_compute:1.0 ViT_compute_0
ERROR: [BD 5-390] IP definition not found for VLNV: xilinx.com:hls:ViT_compute:1.0 
ERROR: [Common 17-39] 'create_bd_cell' failed due to earlier errors.

    while executing
"create_bd_cell -type ip -vlnv xilinx.com:hls:ViT_compute:1.0 ViT_compute_0"
    (file "vivado.tcl" line 8)
INFO: [Common 17-17] undo 'startgroup'
INFO: [Common 17-206] Exiting Vivado at Mon Nov 25 07:08:03 2024...
